tomtz@sw-desktop-300 /f/Users/tomtz/dev/clones/cnhpc (master)                        
λ kubectl apply -n argocd -f argo/argo-cd/install.yaml                               
customresourcedefinition.apiextensions.k8s.io/applications.argoproj.io created       
customresourcedefinition.apiextensions.k8s.io/appprojects.argoproj.io created        
serviceaccount/argocd-application-controller created                                 
serviceaccount/argocd-dex-server created                                             
serviceaccount/argocd-server created                                                 
role.rbac.authorization.k8s.io/argocd-application-controller created                 
role.rbac.authorization.k8s.io/argocd-dex-server created                             
role.rbac.authorization.k8s.io/argocd-server created                                 
clusterrole.rbac.authorization.k8s.io/argocd-application-controller created          
clusterrole.rbac.authorization.k8s.io/argocd-server created                          
rolebinding.rbac.authorization.k8s.io/argocd-application-controller created          
rolebinding.rbac.authorization.k8s.io/argocd-dex-server created                      
rolebinding.rbac.authorization.k8s.io/argocd-server created                          
clusterrolebinding.rbac.authorization.k8s.io/argocd-application-controller created   
clusterrolebinding.rbac.authorization.k8s.io/argocd-server created                   
configmap/argocd-cm created                                                          
configmap/argocd-gpg-keys-cm created                                                 
configmap/argocd-rbac-cm created                                                     
configmap/argocd-ssh-known-hosts-cm created                                          
configmap/argocd-tls-certs-cm created                                                
secret/argocd-secret created                                                         
service/argocd-dex-server created                                                    
service/argocd-metrics created                                                       
service/argocd-redis created                                                         
service/argocd-repo-server created                                                   
service/argocd-server-metrics created                                                
service/argocd-server created                                                        
deployment.apps/argocd-application-controller created                                
deployment.apps/argocd-dex-server created                                            
deployment.apps/argocd-redis created                                                 
deployment.apps/argocd-repo-server created                                           
deployment.apps/argocd-server created                                                
